No files changed, compilation skipped
Warning: Detected artifacts built from source files that no longer exist. Run `forge clean` to make sure builds are in sync with project files.
 - /Users/lorengraff/Development/1.-EN-DESARROLLO/Crypto_Towell_Defense/smart-contracts/src/CharacterNFTSecure.sol
 - /Users/lorengraff/Development/1.-EN-DESARROLLO/Crypto_Towell_Defense/smart-contracts/src/GameTokenSecure.sol
 - /Users/lorengraff/Development/1.-EN-DESARROLLO/Crypto_Towell_Defense/smart-contracts/src/TowerTokenSecure.sol
Script ran successfully.

== Logs ==
  Deploying contracts with: 0xdCb8ca66Ae0809Eed5dB73E8e1c3787c8178327e
  Deployer balance: 0
  
=== Deploying GameToken ===
  GameToken deployed to: 0xd8068d4A032Dce3B63DB6617E299B609F211eF26
  GTK Total Supply: 1000000 tokens
  
=== Deploying TowerToken ===
  TowerToken deployed to: 0xAC811d1948D00C3791d55A41C8323A136771125B
  TOWER Total Supply: 1000000 tokens
  
=== Deploying CharacterNFT ===
  CharacterNFT deployed to: 0xF54C203451025D0f5D4d3693Bb2AE94027596FC9
  
=== Deploying ItemNFT ===
  ItemNFT deployed to: 0xC7f8397C65795009945F75D9a3a7a966c64F8a79
  
=== Setting up permissions ===
  GTK: Authorized deployer as minter (10K/day)
  TOWER: Authorized deployer as minter (1K/day)
  CharacterNFT: Authorized deployer as minter (10/day)
  ItemNFT: Authorized deployer as minter
  
=== Deployment Complete ===
  GameToken: 0xd8068d4A032Dce3B63DB6617E299B609F211eF26
  TowerToken: 0xAC811d1948D00C3791d55A41C8323A136771125B
  CharacterNFT: 0xF54C203451025D0f5D4d3693Bb2AE94027596FC9
  ItemNFT: 0xC7f8397C65795009945F75D9a3a7a966c64F8a79
  
Deployment addresses saved to .deployments.env

## Setting up 1 EVM.

==========================

Chain 5611

Estimated gas price: 0.001 gwei

Estimated total gas used for script: 18502714

Estimated amount required: 0.000018502714 BNB

==========================

Transactions saved to: /Users/lorengraff/Development/1.-EN-DESARROLLO/Crypto_Towell_Defense/smart-contracts/broadcast/Deploy.s.sol/5611/run-latest.json

Sensitive values saved to: /Users/lorengraff/Development/1.-EN-DESARROLLO/Crypto_Towell_Defense/smart-contracts/cache/Deploy.s.sol/5611/run-latest.json

Error: Failed to send transaction after 4 attempts Err(server returned an error response: error code -32000: insufficient funds for gas * price + value: balance 0, tx cost 4240607399492, overshot 4240607399492)
